<?xml version="1.0" encoding="UTF-8"?>
<!-- Generated by org.testng.reporters.JUnitReportReporter -->
<testsuite hostname="DESKTOP-EVGVSIA" failures="0" tests="4" name="testng1.NewTest" time="0.019" errors="0" timestamp="2022-06-14T16:43:38 GMT-12:00" skipped="0">
  <testcase classname="testng1.NewTest" name="method3" time="0.003"/>
  <system-out>
    <![CDATA[using boolean false]]>
  </system-out>
  <testcase classname="testng1.NewTest" name="method2" time="0.006"/>
  <system-out>
    <![CDATA[using boolean]]>
  </system-out>
  <testcase classname="testng1.NewTest" name="method1" time="0.005"/>
  <system-out>
    <![CDATA[only string]]>
  </system-out>
  <testcase classname="testng1.NewTest" name="method4" time="0.005"/>
  <system-out/>
</testsuite> <!-- testng1.NewTest -->
