<?xml version="1.0" encoding="UTF-8"?>
<!-- Generated by org.testng.reporters.JUnitReportReporter -->
<testsuite hostname="DESKTOP-EVGVSIA" failures="0" tests="3" name="testng_keyword.NewTest" time="0.043" errors="0" timestamp="2022-08-04T12:39:38 IST" skipped="0">
  <testcase classname="testng_keyword.NewTest" name="mytest" time="0.034"/>
  <system-out>
    <![CDATA[test 1]]>
  </system-out>
  <testcase classname="testng_keyword.NewTest" name="mytest" time="0.003"/>
  <system-out>
    <![CDATA[test 1]]>
  </system-out>
  <testcase classname="testng_keyword.NewTest" name="mytest" time="0.006"/>
  <system-out>
    <![CDATA[test 1]]>
  </system-out>
</testsuite> <!-- testng_keyword.NewTest -->
