<?xml version="1.0" encoding="UTF-8"?>
<!-- Generated by org.testng.reporters.JUnitReportReporter -->
<testsuite hostname="DESKTOP-EVGVSIA" failures="0" tests="1" name="testng1.prx2" time="0.006" errors="0" timestamp="2022-06-14T16:43:38 GMT-12:00" skipped="0">
  <testcase classname="testng1.prx2" name="f" time="0.006"/>
  <system-out/>
</testsuite> <!-- testng1.prx2 -->
