<?xml version="1.0" encoding="UTF-8"?>
<!-- Generated by org.testng.reporters.JUnitReportReporter -->
<testsuite hostname="DESKTOP-EVGVSIA" failures="0" tests="3" name="testng1.NewTest1" time="0.051" errors="0" timestamp="2022-06-13T22:22:42 GMT-12:00" skipped="0">
  <testcase classname="testng1.NewTest1" name="login" time="0.033"/>
  <system-out/>
  <testcase classname="testng1.NewTest1" name="logout" time="0.009"/>
  <system-out/>
  <testcase classname="testng1.NewTest1" name="pin" time="0.009"/>
  <system-out/>
</testsuite> <!-- testng1.NewTest1 -->
