<?xml version="1.0" encoding="UTF-8"?>
<!-- Generated by org.testng.reporters.JUnitReportReporter -->
<testsuite hostname="DESKTOP-EVGVSIA" failures="0" tests="2" name="testng_keyword.PriorityStudy" time="0.027" errors="0" timestamp="2022-08-04T13:56:16 IST" skipped="0">
  <testcase classname="testng_keyword.PriorityStudy" name="D5" time="0.003"/>
  <system-out>
    <![CDATA[D5]]>
  </system-out>
  <testcase classname="testng_keyword.PriorityStudy" name="D1" time="0.024"/>
  <system-out>
    <![CDATA[D1]]>
  </system-out>
</testsuite> <!-- testng_keyword.PriorityStudy -->
