<?xml version="1.0" encoding="UTF-8"?>
<!-- Generated by org.testng.reporters.JUnitReportReporter -->
<testsuite hostname="DESKTOP-EVGVSIA" failures="0" tests="3" name="testng_keyword.InvocationCountStudy" time="0.060" errors="0" timestamp="2022-08-04T12:28:32 IST" skipped="0">
  <testcase classname="testng_keyword.InvocationCountStudy" name="mytest" time="0.054"/>
  <system-out>
    <![CDATA[my test is running]]>
  </system-out>
  <testcase classname="testng_keyword.InvocationCountStudy" name="mytest" time="0.004"/>
  <system-out>
    <![CDATA[my test is running]]>
  </system-out>
  <testcase classname="testng_keyword.InvocationCountStudy" name="mytest" time="0.002"/>
  <system-out>
    <![CDATA[my test is running]]>
  </system-out>
</testsuite> <!-- testng_keyword.InvocationCountStudy -->
