<?xml version="1.0" encoding="UTF-8"?>
<!-- Generated by org.testng.reporters.JUnitReportReporter -->
<testsuite hostname="DESKTOP-EVGVSIA" failures="0" tests="1" name="testNG.TestClass1" time="0.045" errors="0" timestamp="2022-08-03T19:23:00 IST" skipped="0">
  <testcase classname="testNG.TestClass1" name="testcase" time="0.045"/>
  <system-out/>
</testsuite> <!-- testNG.TestClass1 -->
