<?xml version="1.0" encoding="UTF-8"?>
<!-- Generated by org.testng.reporters.JUnitReportReporter -->
<testsuite hostname="DESKTOP-EVGVSIA" failures="0" tests="2" name="testng_keyword.TimeOutStudy" time="0.950" errors="0" timestamp="2022-08-04T19:46:48 IST" skipped="0">
  <testcase classname="testng_keyword.TimeOutStudy" name="method2" time="0.009"/>
  <system-out>
    <![CDATA[method2 running]]>
  </system-out>
  <testcase classname="testng_keyword.TimeOutStudy" name="method1" time="0.941"/>
  <system-out>
    <![CDATA[method1 running]]>
  </system-out>
</testsuite> <!-- testng_keyword.TimeOutStudy -->
