<?xml version="1.0" encoding="UTF-8"?>
<!-- Generated by org.testng.reporters.JUnitReportReporter -->
<testsuite hostname="DESKTOP-EVGVSIA" failures="0" tests="5" name="testng_keyword.EnabledStudy" time="0.044" errors="0" timestamp="2022-08-04T15:14:19 IST" skipped="0">
  <testcase classname="testng_keyword.EnabledStudy" name="D" time="0.003"/>
  <system-out>
    <![CDATA[d method]]>
  </system-out>
  <testcase classname="testng_keyword.EnabledStudy" name="B" time="0.009"/>
  <system-out>
    <![CDATA[b method]]>
  </system-out>
  <testcase classname="testng_keyword.EnabledStudy" name="E" time="0.004"/>
  <system-out>
    <![CDATA[e method]]>
  </system-out>
  <testcase classname="testng_keyword.EnabledStudy" name="A" time="0.024"/>
  <system-out>
    <![CDATA[A method]]>
  </system-out>
  <testcase classname="testng_keyword.EnabledStudy" name="C" time="0.004"/>
  <system-out>
    <![CDATA[c method]]>
  </system-out>
</testsuite> <!-- testng_keyword.EnabledStudy -->
