<?xml version="1.0" encoding="UTF-8"?>
<!-- Generated by org.testng.reporters.JUnitReportReporter -->
<testsuite hostname="DESKTOP-EVGVSIA" failures="0" tests="3" name="testNG_Study.NewTest3" time="0.062" errors="0" timestamp="2022-06-14T16:43:38 GMT-12:00" skipped="0">
  <testcase classname="testNG_Study.NewTest3" name="method2" time="0.008"/>
  <system-out/>
  <testcase classname="testNG_Study.NewTest3" name="method1" time="0.049"/>
  <system-out/>
  <testcase classname="testNG_Study.NewTest3" name="method3" time="0.005"/>
  <system-out/>
</testsuite> <!-- testNG_Study.NewTest3 -->
