<?xml version="1.0" encoding="UTF-8"?>
<!-- Generated by org.testng.reporters.JUnitReportReporter -->
<testsuite hostname="DESKTOP-EVGVSIA" failures="0" tests="5" name="testng_keyword.DependsOnMethod" time="0.035" errors="0" timestamp="2022-08-04T19:53:36 IST" skipped="0">
  <testcase classname="testng_keyword.DependsOnMethod" name="n" time="0.003"/>
  <system-out>
    <![CDATA[n method runnijng]]>
  </system-out>
  <testcase classname="testng_keyword.DependsOnMethod" name="y" time="0.003"/>
  <system-out>
    <![CDATA[y method runnijng]]>
  </system-out>
  <testcase classname="testng_keyword.DependsOnMethod" name="a" time="0.003"/>
  <system-out>
    <![CDATA[a method runnijng]]>
  </system-out>
  <testcase classname="testng_keyword.DependsOnMethod" name="e" time="0.002"/>
  <system-out>
    <![CDATA[e method runnijng]]>
  </system-out>
  <testcase classname="testng_keyword.DependsOnMethod" name="b" time="0.024"/>
  <system-out>
    <![CDATA[b method runnijng]]>
  </system-out>
</testsuite> <!-- testng_keyword.DependsOnMethod -->
